2024/4/7
等待对方同意弹窗，增加取消按钮 √
取消传输增加二次确认弹窗 √
对大文件进行限制 （增加了建议文本） √
传输完之后，已选择文件清空 √
传输文件时，允许隐藏弹窗 √
优化选中文件，提供预览（暂时不需要）×
增加完整性校验 （暂时不需要）×
修复视频左上角标识未显示 √
修复挂断电话但是共享屏幕没有挂断 √

2024/4/8
修复游戏内点击视频通话 橘子消失的问题 √
移动端隐藏录屏功能入口 √

2024/4/16
增加直播模式：支持多个观众同时在线观看，支持主播共享屏幕 √
修复主叫方开启共享屏幕，被叫方未能接收的问题 √
修复主播停止分享屏幕，观众没有更新画面的问题 √
修复观众通过链接进入直播间偶尔接收不到画面的问题 √
修复主播分享屏幕时，观众偶尔接收不到画面的问题 √

2024/4/17
修复主播播放虚拟视频，观众无法观看的问题 √
观众加入/离开直播间，conn动态增删 √
修复观众相继进入房间，先进入的会进入失败 √
增加观众刷新连接按钮 √
修复播放视频时摄像头和麦克风仍然处于开启状态的问题 √
修复主播开播后不能关闭摄像头和麦克风的问题（暂时不需要）
修复分享直播间链接按钮偶尔失效问题 √
观众离开直播提示  √
主播加入提示  √
未开播提示 √
修复通过房间号连续进入离开再进入无法进入成功的问题 √

2024/4/19
修复刷新分享屏幕失效的问题 √
修复主播发送文本消息观众收不到的问题 √

2024/4/23
直播间缩略图集中展示，观众可以看到多个直播间界面，可点击进入 √
在线人数展示 √
直播间消息同步 √
优化正在进入直播弹窗，要求重连时不展示 √
修复直播时返回主页再进入直播，发现无法进入 √
修复上传文件虚线丢失 √
